# JRE version: OpenJDK Runtime Environment Temurin-21.0.10+7 (21.0.10+7) (build 21.0.10+7-LTS)
# Java VM: OpenJDK 64-Bit Server VM Temurin-21.0.10+7 (21.0.10+7-LTS, mixed mode, sharing, tiered, compressed oops, compressed class ptrs, parallel gc, windows-amd64)
GC Precious Log:
 CardTable entry size: 512
 CPUs: 4 total, 4 available
 Memory: 3863M
 Large Page Support: Disabled
 NUMA Support: Disabled
 Compressed Oops: Enabled (32-bit)
 Alignments: Space 512K, Generation 512K, Heap 2M
 Heap Min Capacity: 100M
 Heap Initial Capacity: 100M
 Heap Max Capacity: 2G
 Pre-touch: Disabled
 Parallel Workers: 4
Heap:
 PSYoungGen      total 5120K, used 4553K [0x00000000d5580000, 0x00000000d5c80000, 0x0000000100000000)
  eden space 4096K, 87% used [0x00000000d5580000,0x00000000d59025b8,0x00000000d5980000)
  from space 1024K, 93% used [0x00000000d5b80000,0x00000000d5c70000,0x00000000d5c80000)
  to   space 1536K, 0% used [0x00000000d5980000,0x00000000d5980000,0x00000000d5b00000)
 ParOldGen       total 671744K, used 671633K [0x0000000080000000, 0x00000000a9000000, 0x00000000d5580000)
  object space 671744K, 99% used [0x0000000080000000,0x00000000a8fe47b0,0x00000000a9000000)
 Metaspace       used 40978K, committed 42112K, reserved 1114112K
  class space    used 3511K, committed 3968K, reserved 1048576K
GC Heap History (20 events):
Event: 19292.760 GC heap before
{Heap before GC invocations=881 (full 2):
 PSYoungGen      total 6144K, used 6107K [0x00000000d5580000, 0x00000000d5e80000, 0x0000000100000000)
  eden space 5120K, 99% used [0x00000000d5580000,0x00000000d5a7d708,0x00000000d5a80000)
  from space 1024K, 97% used [0x00000000d5d80000,0x00000000d5e797c8,0x00000000d5e80000)
  to   space 2048K, 0% used [0x00000000d5a80000,0x00000000d5a80000,0x00000000d5c80000)
 ParOldGen       total 663552K, used 663128K [0x0000000080000000, 0x00000000a8800000, 0x00000000d5580000)
  object space 663552K, 99% used [0x0000000080000000,0x00000000a8796228,0x00000000a8800000)
 Metaspace       used 40829K, committed 41920K, reserved 1114112K
  class space    used 3505K, committed 3968K, reserved 1048576K
}
Event: 19292.766 GC heap after
{Heap after GC invocations=881 (full 2):
 PSYoungGen      total 7168K, used 1536K [0x00000000d5580000, 0x00000000d5e80000, 0x0000000100000000)
  eden space 5120K, 0% used [0x00000000d5580000,0x00000000d5580000,0x00000000d5a80000)
  from space 2048K, 75% used [0x00000000d5a80000,0x00000000d5c00010,0x00000000d5c80000)
  to   space 2048K, 0% used [0x00000000d5c80000,0x00000000d5c80000,0x00000000d5e80000)
 ParOldGen       total 664064K, used 664049K [0x0000000080000000, 0x00000000a8880000, 0x00000000d5580000)
  object space 664064K, 99% used [0x0000000080000000,0x00000000a887c620,0x00000000a8880000)
 Metaspace       used 40829K, committed 41920K, reserved 1114112K
  class space    used 3505K, committed 3968K, reserved 1048576K
}
Event: 19293.092 GC heap before
{Heap before GC invocations=882 (full 2):
 PSYoungGen      total 7168K, used 6656K [0x00000000d5580000, 0x00000000d5e80000, 0x0000000100000000)
  eden space 5120K, 100% used [0x00000000d5580000,0x00000000d5a80000,0x00000000d5a80000)
  from space 2048K, 75% used [0x00000000d5a80000,0x00000000d5c00010,0x00000000d5c80000)
  to   space 2048K, 0% used [0x00000000d5c80000,0x00000000d5c80000,0x00000000d5e80000)
 ParOldGen       total 664064K, used 664049K [0x0000000080000000, 0x00000000a8880000, 0x00000000d5580000)
  object space 664064K, 99% used [0x0000000080000000,0x00000000a887c620,0x00000000a8880000)
 Metaspace       used 40849K, committed 41920K, reserved 1114112K
  class space    used 3505K, committed 3968K, reserved 1048576K
}
Event: 19293.099 GC heap after
{Heap after GC invocations=882 (full 2):
 PSYoungGen      total 5632K, used 480K [0x00000000d5580000, 0x00000000d5d00000, 0x0000000100000000)
  eden space 5120K, 0% used [0x00000000d5580000,0x00000000d5580000,0x00000000d5a80000)
  from space 512K, 93% used [0x00000000d5c80000,0x00000000d5cf8000,0x00000000d5d00000)
  to   space 1024K, 0% used [0x00000000d5b00000,0x00000000d5b00000,0x00000000d5c00000)
 ParOldGen       total 665600K, used 665492K [0x0000000080000000, 0x00000000a8a00000, 0x00000000d5580000)
  object space 665600K, 99% used [0x0000000080000000,0x00000000a89e5170,0x00000000a8a00000)
 Metaspace       used 40849K, committed 41920K, reserved 1114112K
  class space    used 3505K, committed 3968K, reserved 1048576K
}
Event: 19293.266 GC heap before
{Heap before GC invocations=883 (full 2):
 PSYoungGen      total 5632K, used 5598K [0x00000000d5580000, 0x00000000d5d00000, 0x0000000100000000)
  eden space 5120K, 99% used [0x00000000d5580000,0x00000000d5a7fb38,0x00000000d5a80000)
  from space 512K, 93% used [0x00000000d5c80000,0x00000000d5cf8000,0x00000000d5d00000)
  to   space 1024K, 0% used [0x00000000d5b00000,0x00000000d5b00000,0x00000000d5c00000)
 ParOldGen       total 665600K, used 665492K [0x0000000080000000, 0x00000000a8a00000, 0x00000000d5580000)
  object space 665600K, 99% used [0x0000000080000000,0x00000000a89e5170,0x00000000a8a00000)
 Metaspace       used 40852K, committed 41920K, reserved 1114112K
  class space    used 3505K, committed 3968K, reserved 1048576K
}
Event: 19293.270 GC heap after
{Heap after GC invocations=883 (full 2):
 PSYoungGen      total 6144K, used 992K [0x00000000d5580000, 0x00000000d5e80000, 0x0000000100000000)
  eden space 5120K, 0% used [0x00000000d5580000,0x00000000d5580000,0x00000000d5a80000)
  from space 1024K, 96% used [0x00000000d5b00000,0x00000000d5bf8010,0x00000000d5c00000)
  to   space 2048K, 0% used [0x00000000d5c80000,0x00000000d5c80000,0x00000000d5e80000)
 ParOldGen       total 666112K, used 666037K [0x0000000080000000, 0x00000000a8a80000, 0x00000000d5580000)
  object space 666112K, 99% used [0x0000000080000000,0x00000000a8a6d7e0,0x00000000a8a80000)
 Metaspace       used 40852K, committed 41920K, reserved 1114112K
  class space    used 3505K, committed 3968K, reserved 1048576K
}
Event: 19293.719 GC heap before
{Heap before GC invocations=884 (full 2):
 PSYoungGen      total 6144K, used 6112K [0x00000000d5580000, 0x00000000d5e80000, 0x0000000100000000)
  eden space 5120K, 100% used [0x00000000d5580000,0x00000000d5a80000,0x00000000d5a80000)
  from space 1024K, 96% used [0x00000000d5b00000,0x00000000d5bf8010,0x00000000d5c00000)
  to   space 2048K, 0% used [0x00000000d5c80000,0x00000000d5c80000,0x00000000d5e80000)
 ParOldGen       total 666112K, used 666037K [0x0000000080000000, 0x00000000a8a80000, 0x00000000d5580000)
  object space 666112K, 99% used [0x0000000080000000,0x00000000a8a6d7e0,0x00000000a8a80000)
 Metaspace       used 40913K, committed 41984K, reserved 1114112K
  class space    used 3508K, committed 3968K, reserved 1048576K
}
Event: 19293.722 GC heap after
{Heap after GC invocations=884 (full 2):
 PSYoungGen      total 6144K, used 928K [0x00000000d5580000, 0x00000000d5d80000, 0x0000000100000000)
  eden space 5120K, 0% used [0x00000000d5580000,0x00000000d5580000,0x00000000d5a80000)
  from space 1024K, 90% used [0x00000000d5c80000,0x00000000d5d680d0,0x00000000d5d80000)
  to   space 1536K, 0% used [0x00000000d5a80000,0x00000000d5a80000,0x00000000d5c00000)
 ParOldGen       total 667136K, used 667013K [0x0000000080000000, 0x00000000a8b80000, 0x00000000d5580000)
  object space 667136K, 99% used [0x0000000080000000,0x00000000a8b617f0,0x00000000a8b80000)
 Metaspace       used 40913K, committed 41984K, reserved 1114112K
  class space    used 3508K, committed 3968K, reserved 1048576K
}
Event: 19293.772 GC heap before
{Heap before GC invocations=885 (full 2):
 PSYoungGen      total 6144K, used 6048K [0x00000000d5580000, 0x00000000d5d80000, 0x0000000100000000)
  eden space 5120K, 100% used [0x00000000d5580000,0x00000000d5a80000,0x00000000d5a80000)
  from space 1024K, 90% used [0x00000000d5c80000,0x00000000d5d680d0,0x00000000d5d80000)
  to   space 1536K, 0% used [0x00000000d5a80000,0x00000000d5a80000,0x00000000d5c00000)
 ParOldGen       total 667136K, used 667013K [0x0000000080000000, 0x00000000a8b80000, 0x00000000d5580000)
  object space 667136K, 99% used [0x0000000080000000,0x00000000a8b617f0,0x00000000a8b80000)
 Metaspace       used 40925K, committed 41984K, reserved 1114112K
  class space    used 3508K, committed 3968K, reserved 1048576K
}
Event: 19293.779 GC heap after
{Heap after GC invocations=885 (full 2):
 PSYoungGen      total 6656K, used 464K [0x00000000d5580000, 0x00000000d5d00000, 0x0000000100000000)
  eden space 5120K, 0% used [0x00000000d5580000,0x00000000d5580000,0x00000000d5a80000)
  from space 1536K, 30% used [0x00000000d5a80000,0x00000000d5af40e0,0x00000000d5c00000)
  to   space 1024K, 0% used [0x00000000d5c00000,0x00000000d5c00000,0x00000000d5d00000)
 ParOldGen       total 668160K, used 667735K [0x0000000080000000, 0x00000000a8c80000, 0x00000000d5580000)
  object space 668160K, 99% used [0x0000000080000000,0x00000000a8c15d00,0x00000000a8c80000)
 Metaspace       used 40925K, committed 41984K, reserved 1114112K
  class space    used 3508K, committed 3968K, reserved 1048576K
}
Event: 19294.002 GC heap before
{Heap before GC invocations=886 (full 2):
 PSYoungGen      total 6656K, used 5584K [0x00000000d5580000, 0x00000000d5d00000, 0x0000000100000000)
  eden space 5120K, 100% used [0x00000000d5580000,0x00000000d5a80000,0x00000000d5a80000)
  from space 1536K, 30% used [0x00000000d5a80000,0x00000000d5af40e0,0x00000000d5c00000)
  to   space 1024K, 0% used [0x00000000d5c00000,0x00000000d5c00000,0x00000000d5d00000)
 ParOldGen       total 668160K, used 667735K [0x0000000080000000, 0x00000000a8c80000, 0x00000000d5580000)
  object space 668160K, 99% used [0x0000000080000000,0x00000000a8c15d00,0x00000000a8c80000)
 Metaspace       used 40928K, committed 41984K, reserved 1114112K
  class space    used 3508K, committed 3968K, reserved 1048576K
}
Event: 19294.007 GC heap after
{Heap after GC invocations=886 (full 2):
 PSYoungGen      total 5120K, used 992K [0x00000000d5580000, 0x00000000d5f80000, 0x0000000100000000)
  eden space 4096K, 0% used [0x00000000d5580000,0x00000000d5580000,0x00000000d5980000)
  from space 1024K, 96% used [0x00000000d5c00000,0x00000000d5cf8010,0x00000000d5d00000)
  to   space 2560K, 0% used [0x00000000d5980000,0x00000000d5980000,0x00000000d5c00000)
 ParOldGen       total 669184K, used 668759K [0x0000000080000000, 0x00000000a8d80000, 0x00000000d5580000)
  object space 669184K, 99% used [0x0000000080000000,0x00000000a8d15ec0,0x00000000a8d80000)
 Metaspace       used 40928K, committed 41984K, reserved 1114112K
  class space    used 3508K, committed 3968K, reserved 1048576K
}
Event: 19294.292 GC heap before
{Heap before GC invocations=887 (full 2):
 PSYoungGen      total 5120K, used 5088K [0x00000000d5580000, 0x00000000d5f80000, 0x0000000100000000)
  eden space 4096K, 100% used [0x00000000d5580000,0x00000000d5980000,0x00000000d5980000)
  from space 1024K, 96% used [0x00000000d5c00000,0x00000000d5cf8010,0x00000000d5d00000)
  to   space 2560K, 0% used [0x00000000d5980000,0x00000000d5980000,0x00000000d5c00000)
 ParOldGen       total 669184K, used 668759K [0x0000000080000000, 0x00000000a8d80000, 0x00000000d5580000)
  object space 669184K, 99% used [0x0000000080000000,0x00000000a8d15ec0,0x00000000a8d80000)
 Metaspace       used 40949K, committed 42048K, reserved 1114112K
  class space    used 3508K, committed 3968K, reserved 1048576K
}
Event: 19294.298 GC heap after
{Heap after GC invocations=887 (full 2):
 PSYoungGen      total 5632K, used 1072K [0x00000000d5580000, 0x00000000d5c80000, 0x0000000100000000)
  eden space 4096K, 0% used [0x00000000d5580000,0x00000000d5580000,0x00000000d5980000)
  from space 1536K, 69% used [0x00000000d5980000,0x00000000d5a8c010,0x00000000d5b00000)
  to   space 1536K, 0% used [0x00000000d5b00000,0x00000000d5b00000,0x00000000d5c80000)
 ParOldGen       total 670208K, used 669777K [0x0000000080000000, 0x00000000a8e80000, 0x00000000d5580000)
  object space 670208K, 99% used [0x0000000080000000,0x00000000a8e14798,0x00000000a8e80000)
 Metaspace       used 40949K, committed 42048K, reserved 1114112K
  class space    used 3508K, committed 3968K, reserved 1048576K
}
Event: 19294.650 GC heap before
{Heap before GC invocations=888 (full 2):
 PSYoungGen      total 5632K, used 5168K [0x00000000d5580000, 0x00000000d5c80000, 0x0000000100000000)
  eden space 4096K, 100% used [0x00000000d5580000,0x00000000d5980000,0x00000000d5980000)
  from space 1536K, 69% used [0x00000000d5980000,0x00000000d5a8c010,0x00000000d5b00000)
  to   space 1536K, 0% used [0x00000000d5b00000,0x00000000d5b00000,0x00000000d5c80000)
 ParOldGen       total 670208K, used 669777K [0x0000000080000000, 0x00000000a8e80000, 0x00000000d5580000)
  object space 670208K, 99% used [0x0000000080000000,0x00000000a8e14798,0x00000000a8e80000)
 Metaspace       used 40970K, committed 42112K, reserved 1114112K
  class space    used 3511K, committed 3968K, reserved 1048576K
}
Event: 19294.653 GC heap after
{Heap after GC invocations=888 (full 2):
 PSYoungGen      total 4608K, used 224K [0x00000000d5580000, 0x00000000d5b80000, 0x0000000100000000)
  eden space 4096K, 0% used [0x00000000d5580000,0x00000000d5580000,0x00000000d5980000)
  from space 512K, 43% used [0x00000000d5b00000,0x00000000d5b38000,0x00000000d5b80000)
  to   space 1024K, 0% used [0x00000000d5980000,0x00000000d5980000,0x00000000d5a80000)
 ParOldGen       total 670208K, used 669980K [0x0000000080000000, 0x00000000a8e80000, 0x00000000d5580000)
  object space 670208K, 99% used [0x0000000080000000,0x00000000a8e472d8,0x00000000a8e80000)
 Metaspace       used 40970K, committed 42112K, reserved 1114112K
  class space    used 3511K, committed 3968K, reserved 1048576K
}
Event: 19294.671 GC heap before
{Heap before GC invocations=889 (full 2):
 PSYoungGen      total 4608K, used 4320K [0x00000000d5580000, 0x00000000d5b80000, 0x0000000100000000)
  eden space 4096K, 100% used [0x00000000d5580000,0x00000000d5980000,0x00000000d5980000)
  from space 512K, 43% used [0x00000000d5b00000,0x00000000d5b38000,0x00000000d5b80000)
  to   space 1024K, 0% used [0x00000000d5980000,0x00000000d5980000,0x00000000d5a80000)
 ParOldGen       total 670208K, used 669980K [0x0000000080000000, 0x00000000a8e80000, 0x00000000d5580000)
  object space 670208K, 99% used [0x0000000080000000,0x00000000a8e472d8,0x00000000a8e80000)
 Metaspace       used 40970K, committed 42112K, reserved 1114112K
  class space    used 3511K, committed 3968K, reserved 1048576K
}
Event: 19294.675 GC heap after
{Heap after GC invocations=889 (full 2):
 PSYoungGen      total 5120K, used 992K [0x00000000d5580000, 0x00000000d5d80000, 0x0000000100000000)
  eden space 4096K, 0% used [0x00000000d5580000,0x00000000d5580000,0x00000000d5980000)
  from space 1024K, 96% used [0x00000000d5980000,0x00000000d5a78010,0x00000000d5a80000)
  to   space 2048K, 0% used [0x00000000d5b80000,0x00000000d5b80000,0x00000000d5d80000)
 ParOldGen       total 670720K, used 670632K [0x0000000080000000, 0x00000000a8f00000, 0x00000000d5580000)
  object space 670720K, 99% used [0x0000000080000000,0x00000000a8eea250,0x00000000a8f00000)
 Metaspace       used 40970K, committed 42112K, reserved 1114112K
  class space    used 3511K, committed 3968K, reserved 1048576K
}
Event: 19294.898 GC heap before
{Heap before GC invocations=890 (full 2):
 PSYoungGen      total 5120K, used 5088K [0x00000000d5580000, 0x00000000d5d80000, 0x0000000100000000)
  eden space 4096K, 100% used [0x00000000d5580000,0x00000000d5980000,0x00000000d5980000)
  from space 1024K, 96% used [0x00000000d5980000,0x00000000d5a78010,0x00000000d5a80000)
  to   space 2048K, 0% used [0x00000000d5b80000,0x00000000d5b80000,0x00000000d5d80000)
 ParOldGen       total 670720K, used 670632K [0x0000000080000000, 0x00000000a8f00000, 0x00000000d5580000)
  object space 670720K, 99% used [0x0000000080000000,0x00000000a8eea250,0x00000000a8f00000)
 Metaspace       used 40977K, committed 42112K, reserved 1114112K
  class space    used 3511K, committed 3968K, reserved 1048576K
}
Event: 19294.904 GC heap after
{Heap after GC invocations=890 (full 2):
 PSYoungGen      total 5120K, used 960K [0x00000000d5580000, 0x00000000d5c80000, 0x0000000100000000)
  eden space 4096K, 0% used [0x00000000d5580000,0x00000000d5580000,0x00000000d5980000)
  from space 1024K, 93% used [0x00000000d5b80000,0x00000000d5c70000,0x00000000d5c80000)
  to   space 1536K, 0% used [0x00000000d5980000,0x00000000d5980000,0x00000000d5b00000)
 ParOldGen       total 671744K, used 671633K [0x0000000080000000, 0x00000000a9000000, 0x00000000d5580000)
  object space 671744K, 99% used [0x0000000080000000,0x00000000a8fe47b0,0x00000000a9000000)
 Metaspace       used 40977K, committed 42112K, reserved 1114112K
  class space    used 3511K, committed 3968K, reserved 1048576K
}

